<?xml version="1.0" encoding="UTF-8"?>
<coverage generated="1591125322847" clover="3.2.0">
  <project timestamp="1591125322847" name="All files">
    <metrics statements="14" coveredstatements="7" conditionals="10" coveredconditionals="4" methods="8" coveredmethods="3" elements="32" coveredelements="14" complexity="0" loc="14" ncloc="14" packages="1" files="3" classes="3"/>
    <file name="gt.js" path="/home/inger_na/projects/hexlet-jest/src/gt.js">
      <metrics statements="3" coveredstatements="3" conditionals="2" coveredconditionals="2" methods="1" coveredmethods="1"/>
      <line num="3" count="1" type="stmt"/>
      <line num="10" count="1" type="cond" truecount="2" falsecount="0"/>
      <line num="11" count="1" type="stmt"/>
    </file>
    <file name="index.js" path="/home/inger_na/projects/hexlet-jest/src/index.js">
      <metrics statements="1" coveredstatements="1" conditionals="0" coveredconditionals="0" methods="1" coveredmethods="1"/>
      <line num="1" count="2" type="stmt"/>
    </file>
    <file name="without.js" path="/home/inger_na/projects/hexlet-jest/src/without.js">
      <metrics statements="10" coveredstatements="3" conditionals="8" coveredconditionals="2" methods="6" coveredmethods="1"/>
      <line num="3" count="1" type="stmt"/>
      <line num="6" count="0" type="stmt"/>
      <line num="7" count="0" type="stmt"/>
      <line num="8" count="0" type="cond" truecount="0" falsecount="2"/>
      <line num="9" count="0" type="stmt"/>
      <line num="12" count="0" type="stmt"/>
      <line num="15" count="0" type="stmt"/>
      <line num="16" count="0" type="cond" truecount="0" falsecount="2"/>
      <line num="21" count="1" type="cond" truecount="2" falsecount="0"/>
      <line num="22" count="1" type="stmt"/>
    </file>
  </project>
</coverage>
