{"/home/inger_na/projects/hexlet-jest/src/gt.js": {"path":"/home/inger_na/projects/hexlet-jest/src/gt.js","statementMap":{"0":{"start":{"line":3,"column":18},"end":{"line":7,"column":1}},"1":{"start":{"line":10,"column":15},"end":{"line":10,"column":55}},"2":{"start":{"line":11,"column":2},"end":{"line":11,"column":25}}},"fnMap":{"0":{"name":"(anonymous_0)","decl":{"start":{"line":9,"column":15},"end":{"line":9,"column":16}},"loc":{"start":{"line":9,"column":21},"end":{"line":12,"column":1}},"line":9}},"branchMap":{"0":{"loc":{"start":{"line":10,"column":15},"end":{"line":10,"column":55}},"type":"binary-expr","locations":[{"start":{"line":10,"column":15},"end":{"line":10,"column":43}},{"start":{"line":10,"column":47},"end":{"line":10,"column":55}}],"line":10}},"s":{"0":1,"1":1,"2":1},"f":{"0":1},"b":{"0":[1,1]},"_coverageSchema":"1a1c01bbd47fc00a2c39e90264f33305004495a9","hash":"ce1cfc946987844a7d1ce839684d3addf583a6ec"}
,"/home/inger_na/projects/hexlet-jest/src/index.js": {"path":"/home/inger_na/projects/hexlet-jest/src/index.js","statementMap":{"0":{"start":{"line":1,"column":22},"end":{"line":1,"column":54}}},"fnMap":{"0":{"name":"(anonymous_0)","decl":{"start":{"line":1,"column":15},"end":{"line":1,"column":16}},"loc":{"start":{"line":1,"column":22},"end":{"line":1,"column":54}},"line":1}},"branchMap":{},"s":{"0":2},"f":{"0":2},"b":{},"_coverageSchema":"1a1c01bbd47fc00a2c39e90264f33305004495a9","hash":"ce2afa5af162f5c5ca7a5fa4e1c811082670f873"}
,"/home/inger_na/projects/hexlet-jest/src/without.js": {"path":"/home/inger_na/projects/hexlet-jest/src/without.js","statementMap":{"0":{"start":{"line":3,"column":18},"end":{"line":18,"column":1}},"1":{"start":{"line":6,"column":21},"end":{"line":10,"column":20}},"2":{"start":{"line":7,"column":22},"end":{"line":7,"column":56}},"3":{"start":{"line":7,"column":43},"end":{"line":7,"column":55}},"4":{"start":{"line":8,"column":23},"end":{"line":8,"column":86}},"5":{"start":{"line":9,"column":6},"end":{"line":9,"column":33}},"6":{"start":{"line":12,"column":4},"end":{"line":12,"column":18}},"7":{"start":{"line":15,"column":19},"end":{"line":15,"column":62}},"8":{"start":{"line":15,"column":40},"end":{"line":15,"column":61}},"9":{"start":{"line":16,"column":4},"end":{"line":16,"column":47}},"10":{"start":{"line":21,"column":15},"end":{"line":21,"column":55}},"11":{"start":{"line":22,"column":2},"end":{"line":22,"column":25}}},"fnMap":{"0":{"name":"(anonymous_0)","decl":{"start":{"line":5,"column":10},"end":{"line":5,"column":11}},"loc":{"start":{"line":5,"column":36},"end":{"line":13,"column":3}},"line":5},"1":{"name":"(anonymous_1)","decl":{"start":{"line":6,"column":33},"end":{"line":6,"column":34}},"loc":{"start":{"line":6,"column":61},"end":{"line":10,"column":5}},"line":6},"2":{"name":"(anonymous_2)","decl":{"start":{"line":7,"column":34},"end":{"line":7,"column":35}},"loc":{"start":{"line":7,"column":43},"end":{"line":7,"column":55}},"line":7},"3":{"name":"(anonymous_3)","decl":{"start":{"line":14,"column":10},"end":{"line":14,"column":11}},"loc":{"start":{"line":14,"column":36},"end":{"line":17,"column":3}},"line":14},"4":{"name":"(anonymous_4)","decl":{"start":{"line":15,"column":31},"end":{"line":15,"column":32}},"loc":{"start":{"line":15,"column":40},"end":{"line":15,"column":61}},"line":15},"5":{"name":"(anonymous_5)","decl":{"start":{"line":20,"column":15},"end":{"line":20,"column":16}},"loc":{"start":{"line":20,"column":21},"end":{"line":23,"column":1}},"line":20}},"branchMap":{"0":{"loc":{"start":{"line":5,"column":11},"end":{"line":5,"column":20}},"type":"default-arg","locations":[{"start":{"line":5,"column":18},"end":{"line":5,"column":20}}],"line":5},"1":{"loc":{"start":{"line":8,"column":23},"end":{"line":8,"column":86}},"type":"cond-expr","locations":[{"start":{"line":8,"column":56},"end":{"line":8,"column":75}},{"start":{"line":8,"column":78},"end":{"line":8,"column":86}}],"line":8},"2":{"loc":{"start":{"line":14,"column":11},"end":{"line":14,"column":20}},"type":"default-arg","locations":[{"start":{"line":14,"column":18},"end":{"line":14,"column":20}}],"line":14},"3":{"loc":{"start":{"line":16,"column":11},"end":{"line":16,"column":46}},"type":"cond-expr","locations":[{"start":{"line":16,"column":33},"end":{"line":16,"column":37}},{"start":{"line":16,"column":40},"end":{"line":16,"column":46}}],"line":16},"4":{"loc":{"start":{"line":21,"column":15},"end":{"line":21,"column":55}},"type":"binary-expr","locations":[{"start":{"line":21,"column":15},"end":{"line":21,"column":43}},{"start":{"line":21,"column":47},"end":{"line":21,"column":55}}],"line":21}},"s":{"0":1,"1":0,"2":0,"3":0,"4":0,"5":0,"6":0,"7":0,"8":0,"9":0,"10":1,"11":1},"f":{"0":0,"1":0,"2":0,"3":0,"4":0,"5":1},"b":{"0":[0],"1":[0,0],"2":[0],"3":[0,0],"4":[1,1]},"_coverageSchema":"1a1c01bbd47fc00a2c39e90264f33305004495a9","hash":"2c26790571fa0aa623098d3120ce6e9ac4d99829"}
}
